<?xml version="1.0" encoding="UTF-8"?>
<!-- Generated by org.testng.reporters.JUnitXMLReporter -->
<testsuite hostname="DT170" name="Free CRM App Test Cases" tests="8" failures="0" timestamp="23 Dec 2019 14:18:43 GMT" time="83.699" errors="0">
  <testcase name="validateLoginPageTitleTest" time="0.181" classname="com.crm.qa.testcases.LoginPageTest"/>
  <testcase name="validateUserIsOnHomePageTest" time="1.599" classname="com.crm.qa.testcases.HomePageTest"/>
  <testcase name="validateAddNewContactBtnIsDisplayedTest" time="0.045" classname="com.crm.qa.testcases.ContactsPageTest"/>
  <testcase name="validateCRMLogoImageTest" time="0.259" classname="com.crm.qa.testcases.LoginPageTest"/>
  <testcase name="validateContactsTest" time="2.691" classname="com.crm.qa.testcases.HomePageTest"/>
  <testcase name="validateNewButtonIsClickableTest" time="0.141" classname="com.crm.qa.testcases.ContactsPageTest"/>
  <testcase name="validateLoginButtonTest" time="0.24" classname="com.crm.qa.testcases.LoginPageTest"/>
  <testcase name="validateLoginButtonisClickableTest" time="4.343" classname="com.crm.qa.testcases.LoginPageTest"/>
</testsuite> <!-- Free CRM App Test Cases -->
