<?xml version="1.0" encoding="UTF-8"?>
<!-- Generated by org.testng.reporters.JUnitXMLReporter -->
<testsuite hostname="DT170" name="Default test" tests="4" failures="0" timestamp="27 Dec 2019 12:58:56 GMT" time="29.99" errors="0">
  <testcase name="validateLoginPageTitleTest" time="0.109" classname="com.crm.qa.testcases.LoginPageTest"/>
  <testcase name="validateCRMLogoImageTest" time="0.14" classname="com.crm.qa.testcases.LoginPageTest"/>
  <testcase name="validateLoginButtonTest" time="0.202" classname="com.crm.qa.testcases.LoginPageTest"/>
  <testcase name="validateLoginButtonisClickableTest" time="3.198" classname="com.crm.qa.testcases.LoginPageTest"/>
</testsuite> <!-- Default test -->
