-------------------------------------------------------------------------------
Test set: TestSuite
-------------------------------------------------------------------------------
Tests run: 10, Failures: 1, Errors: 0, Skipped: 1, Time elapsed: 123.606 s <<< FAILURE! - in TestSuite
validateLoginButtonTest(com.crm.qa.testcases.LoginPageTest)  Time elapsed: 0.036 s  <<< FAILURE!
java.lang.AssertionError: expected [true] but found [false]
	at com.crm.qa.testcases.LoginPageTest.validateLoginButtonTest(LoginPageTest.java:44)

